[debug] [2023-01-09T04:22:16.668Z] ----------------------------------------------------------------------
[debug] [2023-01-09T04:22:16.670Z] Command:       /usr/local/bin/node /usr/local/bin/firebase init
[debug] [2023-01-09T04:22:16.670Z] CLI Version:   10.9.2
[debug] [2023-01-09T04:22:16.671Z] Platform:      darwin
[debug] [2023-01-09T04:22:16.671Z] Node Version:  v14.9.0
[debug] [2023-01-09T04:22:16.674Z] Time:          Sun Jan 08 2023 20:22:16 GMT-0800 (Pacific Standard Time)
[debug] [2023-01-09T04:22:16.674Z] ----------------------------------------------------------------------
[debug] 
[debug] [2023-01-09T04:22:16.681Z] > command requires scopes: ["email","openid","https://www.googleapis.com/auth/cloudplatformprojects.readonly","https://www.googleapis.com/auth/firebase","https://www.googleapis.com/auth/cloud-platform"]
[debug] [2023-01-09T04:22:16.681Z] > authorizing via signed-in user (dqwei@ucsd.edu)
[info] 
     ######## #### ########  ######## ########     ###     ######  ########
     ##        ##  ##     ## ##       ##     ##  ##   ##  ##       ##
     ######    ##  ########  ######   ########  #########  ######  ######
     ##        ##  ##    ##  ##       ##     ## ##     ##       ## ##
     ##       #### ##     ## ######## ########  ##     ##  ######  ########

You're about to initialize a Firebase project in this directory:

  /Users/yujiwei/Desktop/memories_project/server

[info] 
=== Project Setup
[info] 
[info] First, let's associate this project directory with a Firebase project.
[info] You can create multiple project aliases by running firebase use --add, 
[info] but for now we'll just set up a default project.
[info] 
[debug] [2023-01-09T04:22:43.249Z] >>> [apiv2][query] GET https://firebase.googleapis.com/v1beta1/projects pageSize=100
[debug] [2023-01-09T04:22:44.455Z] <<< [apiv2][status] GET https://firebase.googleapis.com/v1beta1/projects 200
[debug] [2023-01-09T04:22:44.456Z] <<< [apiv2][body] GET https://firebase.googleapis.com/v1beta1/projects [omitted]
[info] i  Using project memories-app-372602 (memories-app) 
[info] 
=== Hosting Setup
[info] 
[info] Your public directory is the folder (relative to your project directory) that
[info] will contain Hosting assets to be uploaded with firebase deploy. If you
[info] have a build process for your assets, use your build's output directory.
[info] 
[info] ✔  Wrote public/404.html 
[debug] [2023-01-09T04:23:26.825Z] >>> [apiv2][query] GET https://www.gstatic.com/firebasejs/releases.json [none]
[debug] [2023-01-09T04:23:27.084Z] <<< [apiv2][status] GET https://www.gstatic.com/firebasejs/releases.json 200
[debug] [2023-01-09T04:23:27.084Z] <<< [apiv2][body] GET https://www.gstatic.com/firebasejs/releases.json {"current":{"version":"9.15.0","browserURL":"https://www.gstatic.com/firebasejs/9.15.0/firebase.js","packageURL":"https://www.gstatic.com/firebasejs/9.15.0/firebase.tgz"},"live":{"version":"9.15","browserURL":"https://www.gstatic.com/firebasejs/live/9.15/firebase.js","packageURL":"https://www.gstatic.com/firebasejs/live/9.15/firebase.tgz"},"components":{"analytics":"https://www.gstatic.com/firebasejs/9.15.0/firebase-analytics.js","app":"https://www.gstatic.com/firebasejs/9.15.0/firebase-app.js","app-check":"https://www.gstatic.com/firebasejs/9.15.0/firebase-app-check.js","auth":"https://www.gstatic.com/firebasejs/9.15.0/firebase-auth.js","auth/cordova":"https://www.gstatic.com/firebasejs/9.15.0/firebase-auth/cordova.js","auth/react-native":"https://www.gstatic.com/firebasejs/9.15.0/firebase-auth/react-native.js","functions":"https://www.gstatic.com/firebasejs/9.15.0/firebase-functions.js","firestore":"https://www.gstatic.com/firebasejs/9.15.0/firebase-firestore.js","firestore/lite":"https://www.gstatic.com/firebasejs/9.15.0/firebase-firestore/lite.js","installations":"https://www.gstatic.com/firebasejs/9.15.0/firebase-installations.js","storage":"https://www.gstatic.com/firebasejs/9.15.0/firebase-storage.js","performance":"https://www.gstatic.com/firebasejs/9.15.0/firebase-performance.js","remote-config":"https://www.gstatic.com/firebasejs/9.15.0/firebase-remote-config.js","messaging":"https://www.gstatic.com/firebasejs/9.15.0/firebase-messaging.js","messaging/sw":"https://www.gstatic.com/firebasejs/9.15.0/firebase-messaging/sw.js","database":"https://www.gstatic.com/firebasejs/9.15.0/firebase-database.js","firestore.memory":"https://www.gstatic.com/firebasejs/9.15.0/firebase-firestore.memory.js"}}
[info] ✔  Wrote public/index.html 
[info] 
[info] i  Detected a .git folder at /Users/yujiwei/Desktop 
[info] i  Authorizing with GitHub to upload your service account to a GitHub repository's secrets store. 
[info] 
[info] Visit this URL on this device to log in:
[info] https://github.com/login/oauth/authorize?client_id=89cf50f02ac6aaed3484&state=552118070&redirect_uri=http%3A%2F%2Flocalhost%3A9005&scope=read%3Auser%20repo%20public_repo
[info] 
[info] Waiting for authentication...
[debug] [2023-01-09T04:23:40.135Z] >>> HTTP REQUEST POST https://github.com/login/oauth/access_token  
 {"client_id":"89cf50f02ac6aaed3484","client_secret":"3330d14abc895d9a74d5f17cd7a00711fa2c5bf0","code":"6f142f9549bf10f5b42a","redirect_uri":"http://localhost:9005","state":"552118070"}
[debug] [2023-01-09T04:23:40.561Z] <<< HTTP RESPONSE 200 {"server":"GitHub.com","date":"Mon, 09 Jan 2023 04:23:40 GMT","content-type":"application/json; charset=utf-8","transfer-encoding":"chunked","vary":"X-PJAX, X-PJAX-Container, Turbo-Visit, Turbo-Frame, Accept-Encoding, Accept, X-Requested-With","etag":"W/\"c2872093039c35e5cabcda18e5fb33bd\"","cache-control":"max-age=0, private, must-revalidate","strict-transport-security":"max-age=31536000; includeSubdomains; preload","x-frame-options":"deny","x-content-type-options":"nosniff","x-xss-protection":"0","referrer-policy":"origin-when-cross-origin, strict-origin-when-cross-origin","content-security-policy":"default-src 'none'; base-uri 'self'; block-all-mixed-content; child-src github.com/assets-cdn/worker/ gist.github.com/assets-cdn/worker/; connect-src 'self' uploads.github.com objects-origin.githubusercontent.com www.githubstatus.com collector.github.com raw.githubusercontent.com api.github.com github-cloud.s3.amazonaws.com github-production-repository-file-5c1aeb.s3.amazonaws.com github-production-upload-manifest-file-7fdce7.s3.amazonaws.com github-production-user-asset-6210df.s3.amazonaws.com cdn.optimizely.com logx.optimizely.com/v1/events *.actions.githubusercontent.com wss://*.actions.githubusercontent.com online.visualstudio.com/api/v1/locations github-production-repository-image-32fea6.s3.amazonaws.com github-production-release-asset-2e65be.s3.amazonaws.com insights.github.com wss://alive.github.com; font-src github.githubassets.com; form-action 'self' github.com gist.github.com objects-origin.githubusercontent.com; frame-ancestors 'none'; frame-src viewscreen.githubusercontent.com notebooks.githubusercontent.com; img-src 'self' data: github.githubassets.com media.githubusercontent.com camo.githubusercontent.com identicons.github.com avatars.githubusercontent.com github-cloud.s3.amazonaws.com objects.githubusercontent.com objects-origin.githubusercontent.com secured-user-images.githubusercontent.com/ opengraph.githubassets.com github-production-user-asset-6210df.s3.amazonaws.com customer-stories-feed.github.com spotlights-feed.github.com *.githubusercontent.com; manifest-src 'self'; media-src github.com user-images.githubusercontent.com/ secured-user-images.githubusercontent.com/; script-src github.githubassets.com; style-src 'unsafe-inline' github.githubassets.com; worker-src github.com/assets-cdn/worker/ gist.github.com/assets-cdn/worker/","x-github-request-id":"F789:7AEC:2C3D96E:3E666FE:63BB96CC"}
[debug] [2023-01-09T04:23:40.569Z] >>> [apiv2][query] GET https://api.github.com/user [none]
[debug] [2023-01-09T04:23:40.945Z] <<< [apiv2][status] GET https://api.github.com/user 200
[debug] [2023-01-09T04:23:40.945Z] <<< [apiv2][body] GET https://api.github.com/user {"login":"dqwei1219","id":42410577,"node_id":"MDQ6VXNlcjQyNDEwNTc3","avatar_url":"https://avatars.githubusercontent.com/u/42410577?v=4","gravatar_id":"","url":"https://api.github.com/users/dqwei1219","html_url":"https://github.com/dqwei1219","followers_url":"https://api.github.com/users/dqwei1219/followers","following_url":"https://api.github.com/users/dqwei1219/following{/other_user}","gists_url":"https://api.github.com/users/dqwei1219/gists{/gist_id}","starred_url":"https://api.github.com/users/dqwei1219/starred{/owner}{/repo}","subscriptions_url":"https://api.github.com/users/dqwei1219/subscriptions","organizations_url":"https://api.github.com/users/dqwei1219/orgs","repos_url":"https://api.github.com/users/dqwei1219/repos","events_url":"https://api.github.com/users/dqwei1219/events{/privacy}","received_events_url":"https://api.github.com/users/dqwei1219/received_events","type":"User","site_admin":false,"name":"Dylan","company":null,"blog":"","location":"San Diego","email":null,"hireable":null,"bio":"https://dqwei1219.github.io/Digital-Resume/","twitter_username":null,"public_repos":5,"public_gists":0,"followers":0,"following":0,"created_at":"2018-08-15T12:57:22Z","updated_at":"2023-01-08T10:27:39Z","private_gists":0,"total_private_repos":2,"owned_private_repos":2,"disk_usage":10142,"collaborators":0,"two_factor_authentication":false,"plan":{"name":"free","space":976562499,"collaborators":0,"private_repos":10000}}
[info] 
[info] ✔  Success! Logged into GitHub as dqwei1219 
[info] 
